<?xml version="1.0" encoding="UTF-8"?>
<!-- Generated by org.testng.reporters.JUnitReportReporter -->
<testsuite hostname="DESKTOP-EA5IG4L" failures="0" tests="1" name="com.LOREM.Actions.VerifyActionsCreation" time="105.959" errors="0" timestamp="2021-06-06T20:13:16 MDT" skipped="0">
  <testcase classname="com.LOREM.Actions.VerifyActionsCreation" name="verifyActionTest" time="105.959"/>
  <system-out>
    <![CDATA[verifyActionTest Started
Home page is Displayed
Custom View Page is Displayed
Create Campaign Page is Displayed
Our Campign is created
Our Campign is created
Our Campign is created
Our Campign is created
Our Campign is created
Our Campign is created
Our Campaign is not Created
Our Campaign is not Created
Our Campaign is not Created
Our Campaign is not Created
verifyActionTest Passed]]>
  </system-out>
</testsuite> <!-- com.LOREM.Actions.VerifyActionsCreation -->
